0 verbose cli C:\Program Files\nodejs\node.exe C:\Program Files\nodejs\node_modules\npm\bin\npm-cli.js
1 info using npm@10.8.2
2 info using node@v20.17.0
3 silly config load:file:C:\Program Files\nodejs\node_modules\npm\npmrc
4 silly config load:file:C:\Users\pablo\OneDrive\Documentos\GitHub\AgroSync\.npmrc
5 silly config load:file:C:\Users\pablo\.npmrc
6 silly config load:file:C:\Users\pablo\AppData\Roaming\npm\etc\npmrc
7 verbose title npm exec expo start
8 verbose argv "exec" "--" "expo" "start"
9 verbose logfile logs-max:10 dir:C:\Users\pablo\OneDrive\Documentos\GitHub\AgroSync\UserspabloAppDataLocalnpm-cache\_logs\2024-11-28T17_52_49_217Z-
10 verbose logfile C:\Users\pablo\OneDrive\Documentos\GitHub\AgroSync\UserspabloAppDataLocalnpm-cache\_logs\2024-11-28T17_52_49_217Z-debug-0.log
11 silly logfile done cleaning log files
12 http fetch GET 200 https://registry.npmjs.org/npm 184ms
13 verbose cwd C:\Users\pablo\OneDrive\Documentos\GitHub\AgroSync
14 verbose os Windows_NT 10.0.22631
15 verbose node v20.17.0
16 verbose npm  v10.8.2
17 notice
17 notice New [33mminor[39m version of npm available! [33m10.8.2[39m -> [34m10.9.1[39m
17 notice Changelog: [34mhttps://github.com/npm/cli/releases/tag/v10.9.1[39m
17 notice To update run: [4mnpm install -g npm@10.9.1[24m
17 notice  { force: true, [Symbol(proc-log.meta)]: true }
18 verbose exit 1
19 verbose code 1
